The following packages should be updated for best compatibility with the installed expo version:
  @expo/vector-icons@14.1.0 - expected version: ^15.0.3
  expo-blur@14.1.5 - expected version: ~15.0.8
  expo-constants@17.1.7 - expected version: ~18.0.13
  expo-font@13.3.2 - expected version: ~14.0.11
  expo-haptics@14.1.4 - expected version: ~15.0.8
  expo-image@2.4.0 - expected version: ~3.0.11
  expo-linking@7.1.7 - expected version: ~8.0.11
  expo-router@5.1.4 - expected version: ~6.0.23
  expo-splash-screen@0.30.10 - expected version: ~31.0.13
  expo-status-bar@2.2.3 - expected version: ~3.0.9
  expo-symbols@0.4.5 - expected version: ~1.0.8
  expo-system-ui@5.0.10 - expected version: ~6.0.9
  expo-web-browser@14.2.0 - expected version: ~15.0.10
  react@19.0.0 - expected version: 19.1.0
  react-dom@19.0.0 - expected version: 19.1.0
  react-native-gesture-handler@2.24.0 - expected version: ~2.28.0
  react-native-reanimated@3.17.5 - expected version: ~4.1.1
  react-native-safe-area-context@5.4.0 - expected version: ~5.6.0
  react-native-screens@4.11.1 - expected version: ~4.16.0
  react-native-web@0.20.0 - expected version: ^0.21.0
  react-native-webview@13.13.5 - expected version: 13.15.0
  @types/react@19.0.14 - expected version: ~19.1.10
  eslint-config-expo@9.2.0 - expected version: ~10.0.0
  typescript@5.8.3 - expected version: ~5.9.2
Your project may not work correctly until you install the expected versions of the packages.
error Command failed with exit code 3221225786.
